<?xml version="1.0" encoding="UTF-8"?>
<!-- Generated by org.testng.reporters.JUnitXMLReporter -->
<testsuite hostname="DESKTOP-HHLRT1N" ignored="0" name="Chrome Test" tests="2" failures="1" timestamp="2022-04-10T22:22:21 IST" time="34.009" errors="0">
  <testcase name="loginToGroww" time="15.351" classname="test.Buy"/>
  <testcase name="gotoStock" time="0.073" classname="test.Buy">
    <failure type="java.lang.NullPointerException">
      <![CDATA[java.lang.NullPointerException
at test.Buy.gotoStock(Buy.java:60)
at java.util.ArrayList.forEach(ArrayList.java:1257)
at java.util.concurrent.FutureTask.run(FutureTask.java:266)
at java.util.concurrent.ThreadPoolExecutor.runWorker(ThreadPoolExecutor.java:1149)
at java.util.concurrent.ThreadPoolExecutor$Worker.run(ThreadPoolExecutor.java:624)
at java.lang.Thread.run(Thread.java:748)
... Removed 18 stack frames]]>
    </failure>
  </testcase> <!-- gotoStock -->
</testsuite> <!-- Chrome Test -->
