<?xml version="1.0" encoding="UTF-8"?>
<testng-results skipped="0" failed="1" ignored="0" total="2" passed="1">
  <reporter-output>
  </reporter-output>
  <suite name="Groww testing" duration-ms="34009" started-at="2022-04-10T22:21:47 IST" finished-at="2022-04-10T22:22:21 IST">
    <groups>
    </groups>
    <test name="Chrome Test" duration-ms="34009" started-at="2022-04-10T22:21:47 IST" finished-at="2022-04-10T22:22:21 IST">
      <class name="test.Buy">
        <test-method status="PASS" signature="setUp()[pri:0, instance:test.Buy@7791a895]" name="setUp" is-config="true" duration-ms="18478" started-at="2022-04-10T22:21:47 IST" finished-at="2022-04-10T22:22:06 IST">
          <reporter-output>
          </reporter-output>
        </test-method> <!-- setUp -->
        <test-method status="PASS" signature="loginToGroww()[pri:1, instance:test.Buy@7791a895]" name="loginToGroww" duration-ms="15351" started-at="2022-04-10T22:22:06 IST" finished-at="2022-04-10T22:22:21 IST">
          <reporter-output>
          </reporter-output>
        </test-method> <!-- loginToGroww -->
        <test-method status="FAIL" signature="gotoStock()[pri:2, instance:test.Buy@7791a895]" name="gotoStock" duration-ms="73" started-at="2022-04-10T22:22:21 IST" finished-at="2022-04-10T22:22:21 IST">
          <exception class="java.lang.NullPointerException">
            <full-stacktrace>
              <![CDATA[java.lang.NullPointerException
at test.Buy.gotoStock(Buy.java:60)
at sun.reflect.NativeMethodAccessorImpl.invoke0(Native Method)
at sun.reflect.NativeMethodAccessorImpl.invoke(NativeMethodAccessorImpl.java:62)
at sun.reflect.DelegatingMethodAccessorImpl.invoke(DelegatingMethodAccessorImpl.java:43)
at java.lang.reflect.Method.invoke(Method.java:498)
at org.testng.internal.MethodInvocationHelper.invokeMethod(MethodInvocationHelper.java:133)
at org.testng.internal.TestInvoker.invokeMethod(TestInvoker.java:584)
at org.testng.internal.TestInvoker.invokeTestMethod(TestInvoker.java:172)
at org.testng.internal.MethodRunner.runInSequence(MethodRunner.java:46)
at org.testng.internal.TestInvoker$MethodInvocationAgent.invoke(TestInvoker.java:804)
at org.testng.internal.TestInvoker.invokeTestMethods(TestInvoker.java:145)
at org.testng.internal.TestMethodWorker.invokeTestMethods(TestMethodWorker.java:146)
at org.testng.internal.TestMethodWorker.run(TestMethodWorker.java:128)
at java.util.ArrayList.forEach(ArrayList.java:1257)
at org.testng.TestRunner.privateRun(TestRunner.java:770)
at org.testng.TestRunner.run(TestRunner.java:591)
at org.testng.SuiteRunner.runTest(SuiteRunner.java:402)
at org.testng.SuiteRunner.access$000(SuiteRunner.java:41)
at org.testng.SuiteRunner$SuiteWorker.run(SuiteRunner.java:443)
at org.testng.internal.thread.ThreadUtil.lambda$execute$0(ThreadUtil.java:67)
at java.util.concurrent.FutureTask.run(FutureTask.java:266)
at java.util.concurrent.ThreadPoolExecutor.runWorker(ThreadPoolExecutor.java:1149)
at java.util.concurrent.ThreadPoolExecutor$Worker.run(ThreadPoolExecutor.java:624)
at java.lang.Thread.run(Thread.java:748)
]]>
            </full-stacktrace>
          </exception> <!-- java.lang.NullPointerException -->
          <reporter-output>
          </reporter-output>
        </test-method> <!-- gotoStock -->
      </class> <!-- test.Buy -->
    </test> <!-- Chrome Test -->
  </suite> <!-- Groww testing -->
</testng-results>
